2017-07-25 08:22:53,404 [Worker-6] INFO  o.e.m.c.i.l.LifecycleMappingFactory - Using org.eclipse.m2e.jdt.JarLifecycleMapping lifecycle mapping for MavenProject: dingyuan:test:0.0.1-SNAPSHOT @ E:\Test\test\pom.xml.
2017-07-25 08:22:54,051 [Worker-6] INFO  o.e.m.j.i.AbstractJavaProjectConfigurator - Adding source folder /test/src/main/java
2017-07-25 08:22:54,052 [Worker-6] INFO  o.e.m.j.i.AbstractJavaProjectConfigurator - Adding resource folder /test/src/main/resources
2017-07-25 08:22:54,053 [Worker-6] INFO  o.e.m.j.i.AbstractJavaProjectConfigurator - Adding source folder /test/src/test/java
2017-07-25 08:22:54,053 [Worker-6] INFO  o.e.m.j.i.AbstractJavaProjectConfigurator - Adding resource folder /test/src/test/resources
2017-07-25 08:22:54,690 [Worker-10] WARN  o.e.m.c.i.embedder.EclipseLogger - Using platform encoding (GBK actually) to copy filtered resources, i.e. build is platform dependent!
2017-07-25 08:22:54,694 [Worker-10] INFO  o.e.m.c.i.embedder.EclipseLogger - Copying 0 resource
2017-07-25 08:22:54,695 [Worker-10] WARN  o.e.m.c.i.embedder.EclipseLogger - Using platform encoding (GBK actually) to copy filtered resources, i.e. build is platform dependent!
2017-07-25 08:22:54,696 [Worker-10] INFO  o.e.m.c.i.embedder.EclipseLogger - Copying 0 resource
2017-07-25 08:31:17,483 [Worker-18] INFO  o.e.m.c.i.p.ProjectConfigurationManager - Collecting project info '/pom.xml' E:\Test\album\pom.xml
2017-07-25 08:31:17,743 [Worker-18] INFO  o.e.m.c.i.l.LifecycleMappingFactory - Using org.eclipse.m2e.jdt.JarLifecycleMapping lifecycle mapping for MavenProject: wdy:album:0.0.1-SNAPSHOT @ E:\Test\album\pom.xml.
2017-07-25 08:31:18,059 [Worker-18] INFO  o.e.m.j.i.AbstractJavaProjectConfigurator - Adding source folder /album/src/main/java
2017-07-25 08:31:18,061 [Worker-18] INFO  o.e.m.j.i.AbstractJavaProjectConfigurator - Adding source folder /album/src/test/java
2017-07-25 08:31:18,092 [Worker-18] INFO  o.e.m.c.i.p.ProjectConfigurationManager - Imported and configured 1 project(s) in 0 sec
2017-07-25 08:31:18,450 [Worker-21] INFO  o.e.m.c.i.embedder.EclipseLogger - Using 'UTF-8' encoding to copy filtered resources.
2017-07-25 08:31:18,450 [Worker-21] INFO  o.e.m.c.i.embedder.EclipseLogger - skip non existing resourceDirectory E:\Test\album\src\main\resources
2017-07-25 08:31:18,452 [Worker-21] INFO  o.e.m.c.i.embedder.EclipseLogger - Using 'UTF-8' encoding to copy filtered resources.
2017-07-25 08:31:18,452 [Worker-21] INFO  o.e.m.c.i.embedder.EclipseLogger - skip non existing resourceDirectory E:\Test\album\src\test\resources
2017-07-25 08:56:09,019 [Worker-33] INFO  o.e.m.c.i.l.LifecycleMappingFactory - Using org.eclipse.m2e.jdt.JarLifecycleMapping lifecycle mapping for MavenProject: wdy:album:0.0.1-SNAPSHOT @ E:\Test\album\pom.xml.
2017-07-25 08:56:09,277 [Worker-33] INFO  o.e.m.c.i.embedder.EclipseLogger - Using 'UTF-8' encoding to copy filtered resources.
2017-07-25 08:56:09,278 [Worker-33] INFO  o.e.m.c.i.embedder.EclipseLogger - skip non existing resourceDirectory E:\Test\album\src\main\resources
2017-07-25 08:56:09,279 [Worker-33] INFO  o.e.m.c.i.embedder.EclipseLogger - Using 'UTF-8' encoding to copy filtered resources.
2017-07-25 08:56:09,279 [Worker-33] INFO  o.e.m.c.i.embedder.EclipseLogger - skip non existing resourceDirectory E:\Test\album\src\test\resources
2017-07-25 08:58:02,029 [Worker-36] INFO  o.e.m.c.i.embedder.EclipseLogger - Using 'UTF-8' encoding to copy filtered resources.
2017-07-25 08:58:02,030 [Worker-36] INFO  o.e.m.c.i.embedder.EclipseLogger - skip non existing resourceDirectory E:\Test\album\src\main\resources
2017-07-25 08:58:02,030 [Worker-36] INFO  o.e.m.c.i.embedder.EclipseLogger - Using 'UTF-8' encoding to copy filtered resources.
2017-07-25 08:58:02,031 [Worker-36] INFO  o.e.m.c.i.embedder.EclipseLogger - skip non existing resourceDirectory E:\Test\album\src\test\resources
2017-07-25 09:03:34,671 [Worker-37] INFO  o.e.m.c.i.l.LifecycleMappingFactory - Using org.eclipse.m2e.jdt.JarLifecycleMapping lifecycle mapping for MavenProject: wdy:album:0.0.1-SNAPSHOT @ E:\Test\album\pom.xml.
2017-07-25 09:03:34,782 [Worker-37] INFO  o.e.m.c.i.embedder.EclipseLogger - Using 'UTF-8' encoding to copy filtered resources.
2017-07-25 09:03:34,782 [Worker-37] INFO  o.e.m.c.i.embedder.EclipseLogger - skip non existing resourceDirectory E:\Test\album\src\main\resources
2017-07-25 09:03:34,782 [Worker-37] INFO  o.e.m.c.i.embedder.EclipseLogger - skip non existing resourceDirectory E:\Test\album\src\main\resources
2017-07-25 09:03:34,783 [Worker-37] INFO  o.e.m.c.i.embedder.EclipseLogger - Using 'UTF-8' encoding to copy filtered resources.
2017-07-25 09:03:34,784 [Worker-37] INFO  o.e.m.c.i.embedder.EclipseLogger - skip non existing resourceDirectory E:\Test\album\src\test\resources
2017-07-25 09:03:56,890 [Worker-37] INFO  o.e.m.c.i.l.LifecycleMappingFactory - Using org.eclipse.m2e.jdt.JarLifecycleMapping lifecycle mapping for MavenProject: wdy:album:0.0.1-SNAPSHOT @ E:\Test\album\pom.xml.
2017-07-25 09:03:56,958 [Worker-37] INFO  o.e.m.c.i.embedder.EclipseLogger - Using 'UTF-8' encoding to copy filtered resources.
2017-07-25 09:03:56,958 [Worker-37] INFO  o.e.m.c.i.embedder.EclipseLogger - skip non existing resourceDirectory E:\Test\album\src\main\resources
2017-07-25 09:03:56,958 [Worker-37] INFO  o.e.m.c.i.embedder.EclipseLogger - skip non existing resourceDirectory E:\Test\album\src\main\resources
2017-07-25 09:03:56,961 [Worker-37] INFO  o.e.m.c.i.embedder.EclipseLogger - Using 'UTF-8' encoding to copy filtered resources.
2017-07-25 09:03:56,961 [Worker-37] INFO  o.e.m.c.i.embedder.EclipseLogger - skip non existing resourceDirectory E:\Test\album\src\test\resources
2017-07-25 09:04:24,022 [Worker-35] INFO  o.e.m.c.i.l.LifecycleMappingFactory - Using org.eclipse.m2e.jdt.JarLifecycleMapping lifecycle mapping for MavenProject: wdy:album:0.0.1-SNAPSHOT @ E:\Test\album\pom.xml.
2017-07-25 09:04:24,090 [Worker-35] INFO  o.e.m.c.i.embedder.EclipseLogger - Using 'UTF-8' encoding to copy filtered resources.
2017-07-25 09:04:24,091 [Worker-35] INFO  o.e.m.c.i.embedder.EclipseLogger - skip non existing resourceDirectory E:\Test\album\src\main\resources
2017-07-25 09:04:24,091 [Worker-35] INFO  o.e.m.c.i.embedder.EclipseLogger - skip non existing resourceDirectory E:\Test\album\src\main\resources
2017-07-25 09:04:24,092 [Worker-35] INFO  o.e.m.c.i.embedder.EclipseLogger - Using 'UTF-8' encoding to copy filtered resources.
2017-07-25 09:04:24,093 [Worker-35] INFO  o.e.m.c.i.embedder.EclipseLogger - skip non existing resourceDirectory E:\Test\album\src\test\resources
2017-07-25 09:05:08,381 [Worker-35] INFO  o.e.m.c.i.l.LifecycleMappingFactory - Using org.eclipse.m2e.jdt.JarLifecycleMapping lifecycle mapping for MavenProject: wdy:album:0.0.1-SNAPSHOT @ E:\Test\album\pom.xml.
2017-07-25 09:05:08,484 [Worker-35] INFO  o.e.m.c.i.embedder.EclipseLogger - Using 'UTF-8' encoding to copy filtered resources.
2017-07-25 09:05:08,484 [Worker-35] INFO  o.e.m.c.i.embedder.EclipseLogger - skip non existing resourceDirectory E:\Test\album\src\main\resources
2017-07-25 09:05:08,484 [Worker-35] INFO  o.e.m.c.i.embedder.EclipseLogger - skip non existing resourceDirectory E:\Test\album\src\main\resources
2017-07-25 09:05:08,487 [Worker-35] INFO  o.e.m.c.i.embedder.EclipseLogger - Using 'UTF-8' encoding to copy filtered resources.
2017-07-25 09:05:08,487 [Worker-35] INFO  o.e.m.c.i.embedder.EclipseLogger - skip non existing resourceDirectory E:\Test\album\src\test\resources
2017-07-25 09:05:09,937 [Worker-40] INFO  o.e.m.c.i.embedder.EclipseLogger - Using 'UTF-8' encoding to copy filtered resources.
2017-07-25 09:05:09,937 [Worker-40] INFO  o.e.m.c.i.embedder.EclipseLogger - skip non existing resourceDirectory E:\Test\album\src\main\resources
2017-07-25 09:05:09,937 [Worker-40] INFO  o.e.m.c.i.embedder.EclipseLogger - skip non existing resourceDirectory E:\Test\album\src\main\resources
2017-07-25 09:05:09,939 [Worker-40] INFO  o.e.m.c.i.embedder.EclipseLogger - Using 'UTF-8' encoding to copy filtered resources.
2017-07-25 09:05:09,939 [Worker-40] INFO  o.e.m.c.i.embedder.EclipseLogger - skip non existing resourceDirectory E:\Test\album\src\test\resources
2017-07-25 09:08:06,323 [Worker-40] INFO  o.e.m.c.i.l.LifecycleMappingFactory - Using org.eclipse.m2e.jdt.JarLifecycleMapping lifecycle mapping for MavenProject: wdy:album:0.0.1-SNAPSHOT @ E:\Test\album\pom.xml.
2017-07-25 09:08:06,406 [Worker-40] INFO  o.e.m.c.i.embedder.EclipseLogger - Using 'UTF-8' encoding to copy filtered resources.
2017-07-25 09:08:06,406 [Worker-40] INFO  o.e.m.c.i.embedder.EclipseLogger - skip non existing resourceDirectory E:\Test\album\src\main\resources
2017-07-25 09:08:06,406 [Worker-40] INFO  o.e.m.c.i.embedder.EclipseLogger - skip non existing resourceDirectory E:\Test\album\src\main\resources
2017-07-25 09:08:06,408 [Worker-40] INFO  o.e.m.c.i.embedder.EclipseLogger - Using 'UTF-8' encoding to copy filtered resources.
2017-07-25 09:08:06,408 [Worker-40] INFO  o.e.m.c.i.embedder.EclipseLogger - skip non existing resourceDirectory E:\Test\album\src\test\resources
2017-07-25 09:08:07,762 [Worker-40] INFO  o.e.m.c.i.embedder.EclipseLogger - Using 'UTF-8' encoding to copy filtered resources.
2017-07-25 09:08:07,762 [Worker-40] INFO  o.e.m.c.i.embedder.EclipseLogger - skip non existing resourceDirectory E:\Test\album\src\main\resources
2017-07-25 09:08:07,762 [Worker-40] INFO  o.e.m.c.i.embedder.EclipseLogger - skip non existing resourceDirectory E:\Test\album\src\main\resources
2017-07-25 09:08:07,764 [Worker-40] INFO  o.e.m.c.i.embedder.EclipseLogger - Using 'UTF-8' encoding to copy filtered resources.
2017-07-25 09:08:07,764 [Worker-40] INFO  o.e.m.c.i.embedder.EclipseLogger - skip non existing resourceDirectory E:\Test\album\src\test\resources
2017-07-25 09:14:16,540 [Worker-45] INFO  o.e.m.c.i.l.LifecycleMappingFactory - Using org.eclipse.m2e.jdt.JarLifecycleMapping lifecycle mapping for MavenProject: wdy:album:0.0.1-SNAPSHOT @ E:\Test\album\pom.xml.
2017-07-25 09:14:17,641 [Worker-45] INFO  o.e.m.c.i.e.AbstractTransferListenerAdapter - Downloaded http://192.168.58.38:8081/nexus/content/groups/public/org/mybatis/spring/boot/mybatis-spring-boot-starter/1.0.0/mybatis-spring-boot-starter-1.0.0.pom
2017-07-25 09:14:19,107 [Worker-45] INFO  o.e.m.c.i.e.AbstractTransferListenerAdapter - Downloading https://repo.maven.apache.org/maven2/org/mybatis/spring/boot/mybatis-spring-boot-starter/1.0.0/mybatis-spring-boot-starter-1.0.0.pom
2017-07-25 09:14:19,413 [Worker-45] INFO  o.e.m.c.i.e.AbstractTransferListenerAdapter - Downloaded https://repo.maven.apache.org/maven2/org/mybatis/spring/boot/mybatis-spring-boot-starter/1.0.0/mybatis-spring-boot-starter-1.0.0.pom
2017-07-25 09:14:20,463 [Worker-45] INFO  o.e.m.c.i.e.AbstractTransferListenerAdapter - Downloaded http://192.168.58.38:8081/nexus/content/groups/public/org/mybatis/spring/boot/mybatis-spring-boot/1.0.0/mybatis-spring-boot-1.0.0.pom
2017-07-25 09:14:20,744 [Worker-45] INFO  o.e.m.c.i.e.AbstractTransferListenerAdapter - Downloading https://repo.maven.apache.org/maven2/org/mybatis/spring/boot/mybatis-spring-boot/1.0.0/mybatis-spring-boot-1.0.0.pom
2017-07-25 09:14:21,034 [Worker-45] INFO  o.e.m.c.i.e.AbstractTransferListenerAdapter - Downloaded https://repo.maven.apache.org/maven2/org/mybatis/spring/boot/mybatis-spring-boot/1.0.0/mybatis-spring-boot-1.0.0.pom
2017-07-25 09:14:22,072 [Worker-45] INFO  o.e.m.c.i.e.AbstractTransferListenerAdapter - Downloaded http://192.168.58.38:8081/nexus/content/groups/public/org/mybatis/mybatis-parent/26/mybatis-parent-26.pom
2017-07-25 09:14:22,352 [Worker-45] INFO  o.e.m.c.i.e.AbstractTransferListenerAdapter - Downloading https://repo.maven.apache.org/maven2/org/mybatis/mybatis-parent/26/mybatis-parent-26.pom
2017-07-25 09:14:23,026 [Worker-45] INFO  o.e.m.c.i.e.AbstractTransferListenerAdapter - Downloaded https://repo.maven.apache.org/maven2/org/mybatis/mybatis-parent/26/mybatis-parent-26.pom
2017-07-25 09:14:24,067 [Worker-45] INFO  o.e.m.c.i.e.AbstractTransferListenerAdapter - Downloaded http://192.168.58.38:8081/nexus/content/groups/public/org/springframework/boot/spring-boot-dependencies/1.3.0.RELEASE/spring-boot-dependencies-1.3.0.RELEASE.pom
2017-07-25 09:14:24,347 [Worker-45] INFO  o.e.m.c.i.e.AbstractTransferListenerAdapter - Downloading https://repo.maven.apache.org/maven2/org/springframework/boot/spring-boot-dependencies/1.3.0.RELEASE/spring-boot-dependencies-1.3.0.RELEASE.pom
2017-07-25 09:14:25,016 [Worker-45] INFO  o.e.m.c.i.e.AbstractTransferListenerAdapter - Downloaded https://repo.maven.apache.org/maven2/org/springframework/boot/spring-boot-dependencies/1.3.0.RELEASE/spring-boot-dependencies-1.3.0.RELEASE.pom
2017-07-25 09:14:26,067 [Worker-45] INFO  o.e.m.c.i.e.AbstractTransferListenerAdapter - Downloaded http://192.168.58.38:8081/nexus/content/groups/public/org/springframework/spring-framework-bom/4.2.3.RELEASE/spring-framework-bom-4.2.3.RELEASE.pom
2017-07-25 09:14:26,695 [Worker-45] INFO  o.e.m.c.i.e.AbstractTransferListenerAdapter - Downloaded http://repo.spring.io/snapshot/org/springframework/spring-framework-bom/4.2.3.RELEASE/spring-framework-bom-4.2.3.RELEASE.pom
2017-07-25 09:14:27,269 [Worker-45] INFO  o.e.m.c.i.e.AbstractTransferListenerAdapter - Downloading http://repo.spring.io/milestone/org/springframework/spring-framework-bom/4.2.3.RELEASE/spring-framework-bom-4.2.3.RELEASE.pom
2017-07-25 09:14:27,675 [Worker-45] INFO  o.e.m.c.i.e.AbstractTransferListenerAdapter - Downloaded http://repo.spring.io/milestone/org/springframework/spring-framework-bom/4.2.3.RELEASE/spring-framework-bom-4.2.3.RELEASE.pom
2017-07-25 09:14:28,714 [Worker-45] INFO  o.e.m.c.i.e.AbstractTransferListenerAdapter - Downloaded http://192.168.58.38:8081/nexus/content/groups/public/org/springframework/data/spring-data-releasetrain/Gosling-SR1/spring-data-releasetrain-Gosling-SR1.pom
2017-07-25 09:14:29,335 [Worker-45] INFO  o.e.m.c.i.e.AbstractTransferListenerAdapter - Downloaded http://repo.spring.io/snapshot/org/springframework/data/spring-data-releasetrain/Gosling-SR1/spring-data-releasetrain-Gosling-SR1.pom
2017-07-25 09:14:29,901 [Worker-45] INFO  o.e.m.c.i.e.AbstractTransferListenerAdapter - Downloading http://repo.spring.io/milestone/org/springframework/data/spring-data-releasetrain/Gosling-SR1/spring-data-releasetrain-Gosling-SR1.pom
2017-07-25 09:14:30,294 [Worker-45] INFO  o.e.m.c.i.e.AbstractTransferListenerAdapter - Downloaded http://repo.spring.io/milestone/org/springframework/data/spring-data-releasetrain/Gosling-SR1/spring-data-releasetrain-Gosling-SR1.pom
2017-07-25 09:14:31,343 [Worker-45] INFO  o.e.m.c.i.e.AbstractTransferListenerAdapter - Downloaded http://192.168.58.38:8081/nexus/content/groups/public/org/springframework/data/build/spring-data-build/1.7.1.RELEASE/spring-data-build-1.7.1.RELEASE.pom
2017-07-25 09:14:32,016 [Worker-45] INFO  o.e.m.c.i.e.AbstractTransferListenerAdapter - Downloaded http://repo.spring.io/snapshot/org/springframework/data/build/spring-data-build/1.7.1.RELEASE/spring-data-build-1.7.1.RELEASE.pom
2017-07-25 09:14:32,596 [Worker-45] INFO  o.e.m.c.i.e.AbstractTransferListenerAdapter - Downloading http://repo.spring.io/milestone/org/springframework/data/build/spring-data-build/1.7.1.RELEASE/spring-data-build-1.7.1.RELEASE.pom
2017-07-25 09:14:32,996 [Worker-45] INFO  o.e.m.c.i.e.AbstractTransferListenerAdapter - Downloaded http://repo.spring.io/milestone/org/springframework/data/build/spring-data-build/1.7.1.RELEASE/spring-data-build-1.7.1.RELEASE.pom
2017-07-25 09:14:34,046 [Worker-45] INFO  o.e.m.c.i.e.AbstractTransferListenerAdapter - Downloaded http://192.168.58.38:8081/nexus/content/groups/public/org/springframework/integration/spring-integration-bom/4.2.1.RELEASE/spring-integration-bom-4.2.1.RELEASE.pom
2017-07-25 09:14:34,668 [Worker-45] INFO  o.e.m.c.i.e.AbstractTransferListenerAdapter - Downloaded http://repo.spring.io/snapshot/org/springframework/integration/spring-integration-bom/4.2.1.RELEASE/spring-integration-bom-4.2.1.RELEASE.pom
2017-07-25 09:14:35,217 [Worker-45] INFO  o.e.m.c.i.e.AbstractTransferListenerAdapter - Downloading http://repo.spring.io/milestone/org/springframework/integration/spring-integration-bom/4.2.1.RELEASE/spring-integration-bom-4.2.1.RELEASE.pom
2017-07-25 09:14:35,641 [Worker-45] INFO  o.e.m.c.i.e.AbstractTransferListenerAdapter - Downloaded http://repo.spring.io/milestone/org/springframework/integration/spring-integration-bom/4.2.1.RELEASE/spring-integration-bom-4.2.1.RELEASE.pom
2017-07-25 09:14:36,744 [Worker-45] INFO  o.e.m.c.i.e.AbstractTransferListenerAdapter - Downloaded http://192.168.58.38:8081/nexus/content/groups/public/org/mybatis/spring/boot/mybatis-spring-boot-autoconfigure/1.0.0/mybatis-spring-boot-autoconfigure-1.0.0.pom
2017-07-25 09:14:37,025 [Worker-45] INFO  o.e.m.c.i.e.AbstractTransferListenerAdapter - Downloading https://repo.maven.apache.org/maven2/org/mybatis/spring/boot/mybatis-spring-boot-autoconfigure/1.0.0/mybatis-spring-boot-autoconfigure-1.0.0.pom
2017-07-25 09:14:37,307 [Worker-45] INFO  o.e.m.c.i.e.AbstractTransferListenerAdapter - Downloaded https://repo.maven.apache.org/maven2/org/mybatis/spring/boot/mybatis-spring-boot-autoconfigure/1.0.0/mybatis-spring-boot-autoconfigure-1.0.0.pom
2017-07-25 09:14:38,350 [Worker-45] INFO  o.e.m.c.i.e.AbstractTransferListenerAdapter - Downloaded http://192.168.58.38:8081/nexus/content/groups/public/org/mybatis/mybatis/3.3.0/mybatis-3.3.0.pom
2017-07-25 09:14:38,631 [Worker-45] INFO  o.e.m.c.i.e.AbstractTransferListenerAdapter - Downloading https://repo.maven.apache.org/maven2/org/mybatis/mybatis/3.3.0/mybatis-3.3.0.pom
2017-07-25 09:14:38,962 [Worker-45] INFO  o.e.m.c.i.e.AbstractTransferListenerAdapter - Downloaded https://repo.maven.apache.org/maven2/org/mybatis/mybatis/3.3.0/mybatis-3.3.0.pom
2017-07-25 09:14:40,010 [Worker-45] INFO  o.e.m.c.i.e.AbstractTransferListenerAdapter - Downloaded http://192.168.58.38:8081/nexus/content/groups/public/org/mybatis/mybatis-parent/24/mybatis-parent-24.pom
2017-07-25 09:14:40,290 [Worker-45] INFO  o.e.m.c.i.e.AbstractTransferListenerAdapter - Downloading https://repo.maven.apache.org/maven2/org/mybatis/mybatis-parent/24/mybatis-parent-24.pom
2017-07-25 09:14:40,721 [Worker-45] INFO  o.e.m.c.i.e.AbstractTransferListenerAdapter - Downloaded https://repo.maven.apache.org/maven2/org/mybatis/mybatis-parent/24/mybatis-parent-24.pom
2017-07-25 09:14:41,790 [Worker-45] INFO  o.e.m.c.i.e.AbstractTransferListenerAdapter - Downloaded http://192.168.58.38:8081/nexus/content/groups/public/org/mybatis/mybatis-spring/1.2.3/mybatis-spring-1.2.3.pom
2017-07-25 09:14:42,075 [Worker-45] INFO  o.e.m.c.i.e.AbstractTransferListenerAdapter - Downloading https://repo.maven.apache.org/maven2/org/mybatis/mybatis-spring/1.2.3/mybatis-spring-1.2.3.pom
2017-07-25 09:14:42,384 [Worker-45] INFO  o.e.m.c.i.e.AbstractTransferListenerAdapter - Downloaded https://repo.maven.apache.org/maven2/org/mybatis/mybatis-spring/1.2.3/mybatis-spring-1.2.3.pom
2017-07-25 09:14:43,444 [Worker-45] INFO  o.e.m.c.i.e.AbstractTransferListenerAdapter - Downloaded http://192.168.58.38:8081/nexus/content/groups/public/com/h2database/h2/1.4.194/h2-1.4.194.pom
2017-07-25 09:14:43,728 [Worker-45] INFO  o.e.m.c.i.e.AbstractTransferListenerAdapter - Downloading https://repo.maven.apache.org/maven2/com/h2database/h2/1.4.194/h2-1.4.194.pom
2017-07-25 09:14:44,011 [Worker-45] INFO  o.e.m.c.i.e.AbstractTransferListenerAdapter - Downloaded https://repo.maven.apache.org/maven2/com/h2database/h2/1.4.194/h2-1.4.194.pom
2017-07-25 09:14:45,088 [Worker-45] INFO  o.e.m.c.i.e.AbstractTransferListenerAdapter - Downloaded http://192.168.58.38:8081/nexus/content/groups/public/org/mybatis/spring/boot/mybatis-spring-boot-starter/1.0.0/mybatis-spring-boot-starter-1.0.0.jar
2017-07-25 09:14:46,133 [Worker-45] INFO  o.e.m.c.i.e.AbstractTransferListenerAdapter - Downloaded http://192.168.58.38:8081/nexus/content/groups/public/org/mybatis/spring/boot/mybatis-spring-boot-autoconfigure/1.0.0/mybatis-spring-boot-autoconfigure-1.0.0.jar
2017-07-25 09:14:47,179 [Worker-45] INFO  o.e.m.c.i.e.AbstractTransferListenerAdapter - Downloaded http://192.168.58.38:8081/nexus/content/groups/public/org/mybatis/mybatis/3.3.0/mybatis-3.3.0.jar
2017-07-25 09:14:48,218 [Worker-45] INFO  o.e.m.c.i.e.AbstractTransferListenerAdapter - Downloaded http://192.168.58.38:8081/nexus/content/groups/public/org/mybatis/mybatis-spring/1.2.3/mybatis-spring-1.2.3.jar
2017-07-25 09:14:49,261 [Worker-45] INFO  o.e.m.c.i.e.AbstractTransferListenerAdapter - Downloaded http://192.168.58.38:8081/nexus/content/groups/public/com/h2database/h2/1.4.194/h2-1.4.194.jar
2017-07-25 09:14:49,546 [Worker-45] INFO  o.e.m.c.i.e.AbstractTransferListenerAdapter - Downloading https://repo.maven.apache.org/maven2/org/mybatis/spring/boot/mybatis-spring-boot-starter/1.0.0/mybatis-spring-boot-starter-1.0.0.jar
2017-07-25 09:14:49,828 [Worker-45] INFO  o.e.m.c.i.e.AbstractTransferListenerAdapter - Downloaded https://repo.maven.apache.org/maven2/org/mybatis/spring/boot/mybatis-spring-boot-starter/1.0.0/mybatis-spring-boot-starter-1.0.0.jar
2017-07-25 09:14:50,109 [Worker-45] INFO  o.e.m.c.i.e.AbstractTransferListenerAdapter - Downloading https://repo.maven.apache.org/maven2/org/mybatis/spring/boot/mybatis-spring-boot-autoconfigure/1.0.0/mybatis-spring-boot-autoconfigure-1.0.0.jar
2017-07-25 09:14:50,422 [Worker-45] INFO  o.e.m.c.i.e.AbstractTransferListenerAdapter - Downloaded https://repo.maven.apache.org/maven2/org/mybatis/spring/boot/mybatis-spring-boot-autoconfigure/1.0.0/mybatis-spring-boot-autoconfigure-1.0.0.jar
2017-07-25 09:14:50,703 [Worker-45] INFO  o.e.m.c.i.e.AbstractTransferListenerAdapter - Downloading https://repo.maven.apache.org/maven2/org/mybatis/mybatis/3.3.0/mybatis-3.3.0.jar
2017-07-25 09:14:58,514 [Worker-45] INFO  o.e.m.c.i.e.AbstractTransferListenerAdapter - Downloaded https://repo.maven.apache.org/maven2/org/mybatis/mybatis/3.3.0/mybatis-3.3.0.jar
2017-07-25 09:14:58,793 [Worker-45] INFO  o.e.m.c.i.e.AbstractTransferListenerAdapter - Downloading https://repo.maven.apache.org/maven2/org/mybatis/mybatis-spring/1.2.3/mybatis-spring-1.2.3.jar
2017-07-25 09:14:59,352 [Worker-45] INFO  o.e.m.c.i.e.AbstractTransferListenerAdapter - Downloaded https://repo.maven.apache.org/maven2/org/mybatis/mybatis-spring/1.2.3/mybatis-spring-1.2.3.jar
2017-07-25 09:14:59,701 [Worker-45] INFO  o.e.m.c.i.e.AbstractTransferListenerAdapter - Downloading https://repo.maven.apache.org/maven2/com/h2database/h2/1.4.194/h2-1.4.194.jar
2017-07-25 09:15:10,045 [Worker-45] INFO  o.e.m.c.i.e.AbstractTransferListenerAdapter - Downloaded https://repo.maven.apache.org/maven2/com/h2database/h2/1.4.194/h2-1.4.194.jar
2017-07-25 09:15:10,580 [Worker-45] INFO  o.e.m.c.i.embedder.EclipseLogger - Using 'UTF-8' encoding to copy filtered resources.
2017-07-25 09:15:10,580 [Worker-45] INFO  o.e.m.c.i.embedder.EclipseLogger - skip non existing resourceDirectory E:\Test\album\src\main\resources
2017-07-25 09:15:10,580 [Worker-45] INFO  o.e.m.c.i.embedder.EclipseLogger - skip non existing resourceDirectory E:\Test\album\src\main\resources
2017-07-25 09:15:10,582 [Worker-45] INFO  o.e.m.c.i.embedder.EclipseLogger - Using 'UTF-8' encoding to copy filtered resources.
2017-07-25 09:15:10,582 [Worker-45] INFO  o.e.m.c.i.embedder.EclipseLogger - skip non existing resourceDirectory E:\Test\album\src\test\resources
2017-07-25 09:15:12,200 [Worker-41] INFO  o.e.m.c.i.embedder.EclipseLogger - Using 'UTF-8' encoding to copy filtered resources.
2017-07-25 09:15:12,200 [Worker-41] INFO  o.e.m.c.i.embedder.EclipseLogger - skip non existing resourceDirectory E:\Test\album\src\main\resources
2017-07-25 09:15:12,200 [Worker-41] INFO  o.e.m.c.i.embedder.EclipseLogger - skip non existing resourceDirectory E:\Test\album\src\main\resources
2017-07-25 09:15:12,201 [Worker-41] INFO  o.e.m.c.i.embedder.EclipseLogger - Using 'UTF-8' encoding to copy filtered resources.
2017-07-25 09:15:12,201 [Worker-41] INFO  o.e.m.c.i.embedder.EclipseLogger - skip non existing resourceDirectory E:\Test\album\src\test\resources
2017-07-25 09:16:17,435 [Worker-41] INFO  o.e.m.c.i.l.LifecycleMappingFactory - Using org.eclipse.m2e.jdt.JarLifecycleMapping lifecycle mapping for MavenProject: wdy:album:0.0.1-SNAPSHOT @ E:\Test\album\pom.xml.
2017-07-25 09:16:17,585 [Worker-41] INFO  o.e.m.c.i.embedder.EclipseLogger - Using 'UTF-8' encoding to copy filtered resources.
2017-07-25 09:16:17,585 [Worker-41] INFO  o.e.m.c.i.embedder.EclipseLogger - skip non existing resourceDirectory E:\Test\album\src\main\resources
2017-07-25 09:16:17,585 [Worker-41] INFO  o.e.m.c.i.embedder.EclipseLogger - skip non existing resourceDirectory E:\Test\album\src\main\resources
2017-07-25 09:16:17,587 [Worker-41] INFO  o.e.m.c.i.embedder.EclipseLogger - Using 'UTF-8' encoding to copy filtered resources.
2017-07-25 09:16:17,587 [Worker-41] INFO  o.e.m.c.i.embedder.EclipseLogger - skip non existing resourceDirectory E:\Test\album\src\test\resources
2017-07-25 09:19:11,516 [Worker-49] INFO  o.e.m.c.i.l.LifecycleMappingFactory - Using org.eclipse.m2e.jdt.JarLifecycleMapping lifecycle mapping for MavenProject: wdy:album:0.0.1-SNAPSHOT @ E:\Test\album\pom.xml.
2017-07-25 09:20:28,867 [Worker-51] INFO  o.e.m.c.i.l.LifecycleMappingFactory - Using org.eclipse.m2e.jdt.JarLifecycleMapping lifecycle mapping for MavenProject: wdy:album:0.0.1-SNAPSHOT @ E:\Test\album\pom.xml.
2017-07-25 09:20:29,242 [Worker-51] INFO  o.e.m.c.i.embedder.EclipseLogger - Using 'UTF-8' encoding to copy filtered resources.
2017-07-25 09:20:29,242 [Worker-51] INFO  o.e.m.c.i.embedder.EclipseLogger - skip non existing resourceDirectory E:\Test\album\src\main\resources
2017-07-25 09:20:29,243 [Worker-51] INFO  o.e.m.c.i.embedder.EclipseLogger - skip non existing resourceDirectory E:\Test\album\src\main\resources
2017-07-25 09:20:29,244 [Worker-51] INFO  o.e.m.c.i.embedder.EclipseLogger - Using 'UTF-8' encoding to copy filtered resources.
2017-07-25 09:20:29,245 [Worker-51] INFO  o.e.m.c.i.embedder.EclipseLogger - skip non existing resourceDirectory E:\Test\album\src\test\resources
2017-07-25 09:20:30,632 [Worker-41] INFO  o.e.m.c.i.embedder.EclipseLogger - Using 'UTF-8' encoding to copy filtered resources.
2017-07-25 09:20:30,632 [Worker-41] INFO  o.e.m.c.i.embedder.EclipseLogger - skip non existing resourceDirectory E:\Test\album\src\main\resources
2017-07-25 09:20:30,633 [Worker-41] INFO  o.e.m.c.i.embedder.EclipseLogger - skip non existing resourceDirectory E:\Test\album\src\main\resources
2017-07-25 09:20:30,634 [Worker-41] INFO  o.e.m.c.i.embedder.EclipseLogger - Using 'UTF-8' encoding to copy filtered resources.
2017-07-25 09:20:30,634 [Worker-41] INFO  o.e.m.c.i.embedder.EclipseLogger - skip non existing resourceDirectory E:\Test\album\src\test\resources
2017-07-25 09:20:58,174 [Worker-53] INFO  o.e.m.i.launch.MavenLaunchDelegate - E:\Test\album
2017-07-25 09:20:58,175 [Worker-53] INFO  o.e.m.i.launch.MavenLaunchDelegate -  mvn -B install
2017-07-25 09:21:05,685 [Worker-41] INFO  o.e.m.c.i.embedder.EclipseLogger - Using 'UTF-8' encoding to copy filtered resources.
2017-07-25 09:21:05,685 [Worker-41] INFO  o.e.m.c.i.embedder.EclipseLogger - skip non existing resourceDirectory E:\Test\album\src\main\resources
2017-07-25 09:21:05,686 [Worker-41] INFO  o.e.m.c.i.embedder.EclipseLogger - skip non existing resourceDirectory E:\Test\album\src\main\resources
2017-07-25 09:21:05,687 [Worker-41] INFO  o.e.m.c.i.embedder.EclipseLogger - Using 'UTF-8' encoding to copy filtered resources.
2017-07-25 09:21:05,687 [Worker-41] INFO  o.e.m.c.i.embedder.EclipseLogger - skip non existing resourceDirectory E:\Test\album\src\test\resources
2017-07-25 09:22:10,347 [Worker-41] INFO  o.e.m.c.i.embedder.EclipseLogger - Using 'UTF-8' encoding to copy filtered resources.
2017-07-25 09:22:10,347 [Worker-41] INFO  o.e.m.c.i.embedder.EclipseLogger - skip non existing resourceDirectory E:\Test\album\src\main\resources
2017-07-25 09:22:10,347 [Worker-41] INFO  o.e.m.c.i.embedder.EclipseLogger - skip non existing resourceDirectory E:\Test\album\src\main\resources
2017-07-25 09:22:10,348 [Worker-41] INFO  o.e.m.c.i.embedder.EclipseLogger - Using 'UTF-8' encoding to copy filtered resources.
2017-07-25 09:22:10,348 [Worker-41] INFO  o.e.m.c.i.embedder.EclipseLogger - skip non existing resourceDirectory E:\Test\album\src\test\resources
2017-07-25 09:34:11,736 [Worker-61] INFO  o.e.m.c.i.embedder.EclipseLogger - Using 'UTF-8' encoding to copy filtered resources.
2017-07-25 09:34:11,736 [Worker-61] INFO  o.e.m.c.i.embedder.EclipseLogger - skip non existing resourceDirectory E:\Test\album\src\main\resources
2017-07-25 09:34:11,736 [Worker-61] INFO  o.e.m.c.i.embedder.EclipseLogger - skip non existing resourceDirectory E:\Test\album\src\main\resources
2017-07-25 09:34:11,737 [Worker-61] INFO  o.e.m.c.i.embedder.EclipseLogger - Using 'UTF-8' encoding to copy filtered resources.
2017-07-25 09:34:11,737 [Worker-61] INFO  o.e.m.c.i.embedder.EclipseLogger - skip non existing resourceDirectory E:\Test\album\src\test\resources
2017-07-25 11:37:13,036 [Worker-106] INFO  o.e.m.c.i.embedder.EclipseLogger - Using 'UTF-8' encoding to copy filtered resources.
2017-07-25 11:37:13,036 [Worker-106] INFO  o.e.m.c.i.embedder.EclipseLogger - skip non existing resourceDirectory E:\Test\album\src\main\resources
2017-07-25 11:37:13,036 [Worker-106] INFO  o.e.m.c.i.embedder.EclipseLogger - skip non existing resourceDirectory E:\Test\album\src\main\resources
2017-07-25 11:37:13,037 [Worker-106] INFO  o.e.m.c.i.embedder.EclipseLogger - Using 'UTF-8' encoding to copy filtered resources.
2017-07-25 11:37:13,037 [Worker-106] INFO  o.e.m.c.i.embedder.EclipseLogger - skip non existing resourceDirectory E:\Test\album\src\test\resources
2017-07-25 13:44:14,208 [Worker-154] INFO  o.e.m.c.i.l.LifecycleMappingFactory - Using org.eclipse.m2e.jdt.JarLifecycleMapping lifecycle mapping for MavenProject: wdy:album:0.0.1-SNAPSHOT @ E:\Test\album\pom.xml.
2017-07-25 13:44:15,232 [Worker-154] INFO  o.e.m.c.i.embedder.EclipseLogger - Using 'UTF-8' encoding to copy filtered resources.
2017-07-25 13:44:15,232 [Worker-154] INFO  o.e.m.c.i.embedder.EclipseLogger - skip non existing resourceDirectory E:\Test\album\src\main\resources
2017-07-25 13:44:15,232 [Worker-154] INFO  o.e.m.c.i.embedder.EclipseLogger - skip non existing resourceDirectory E:\Test\album\src\main\resources
2017-07-25 13:44:15,234 [Worker-154] INFO  o.e.m.c.i.embedder.EclipseLogger - Using 'UTF-8' encoding to copy filtered resources.
2017-07-25 13:44:15,234 [Worker-154] INFO  o.e.m.c.i.embedder.EclipseLogger - skip non existing resourceDirectory E:\Test\album\src\test\resources
2017-07-25 13:44:17,034 [Worker-154] INFO  o.e.m.c.i.embedder.EclipseLogger - Using 'UTF-8' encoding to copy filtered resources.
2017-07-25 13:44:17,034 [Worker-154] INFO  o.e.m.c.i.embedder.EclipseLogger - skip non existing resourceDirectory E:\Test\album\src\main\resources
2017-07-25 13:44:17,034 [Worker-154] INFO  o.e.m.c.i.embedder.EclipseLogger - skip non existing resourceDirectory E:\Test\album\src\main\resources
2017-07-25 13:44:17,035 [Worker-154] INFO  o.e.m.c.i.embedder.EclipseLogger - Using 'UTF-8' encoding to copy filtered resources.
2017-07-25 13:44:17,035 [Worker-154] INFO  o.e.m.c.i.embedder.EclipseLogger - skip non existing resourceDirectory E:\Test\album\src\test\resources
2017-07-25 13:44:24,038 [Worker-155] INFO  o.e.m.c.i.embedder.EclipseLogger - Using 'UTF-8' encoding to copy filtered resources.
2017-07-25 13:44:24,039 [Worker-155] INFO  o.e.m.c.i.embedder.EclipseLogger - skip non existing resourceDirectory E:\Test\album\src\main\resources
2017-07-25 13:44:24,039 [Worker-155] INFO  o.e.m.c.i.embedder.EclipseLogger - skip non existing resourceDirectory E:\Test\album\src\main\resources
2017-07-25 13:44:24,040 [Worker-155] INFO  o.e.m.c.i.embedder.EclipseLogger - Using 'UTF-8' encoding to copy filtered resources.
2017-07-25 13:44:24,040 [Worker-155] INFO  o.e.m.c.i.embedder.EclipseLogger - skip non existing resourceDirectory E:\Test\album\src\test\resources
2017-07-25 13:44:30,123 [Worker-156] INFO  o.e.m.i.launch.MavenLaunchDelegate - E:\Test\album
2017-07-25 13:44:30,123 [Worker-156] INFO  o.e.m.i.launch.MavenLaunchDelegate -  mvn -B install
2017-07-25 13:44:38,003 [Worker-152] INFO  o.e.m.c.i.embedder.EclipseLogger - Using 'UTF-8' encoding to copy filtered resources.
2017-07-25 13:44:38,003 [Worker-152] INFO  o.e.m.c.i.embedder.EclipseLogger - skip non existing resourceDirectory E:\Test\album\src\main\resources
2017-07-25 13:44:38,004 [Worker-152] INFO  o.e.m.c.i.embedder.EclipseLogger - skip non existing resourceDirectory E:\Test\album\src\main\resources
2017-07-25 13:44:38,005 [Worker-152] INFO  o.e.m.c.i.embedder.EclipseLogger - Using 'UTF-8' encoding to copy filtered resources.
2017-07-25 13:44:38,005 [Worker-152] INFO  o.e.m.c.i.embedder.EclipseLogger - skip non existing resourceDirectory E:\Test\album\src\test\resources
2017-07-25 13:55:39,576 [Worker-152] INFO  o.e.m.c.i.embedder.EclipseLogger - Using 'UTF-8' encoding to copy filtered resources.
2017-07-25 13:55:39,576 [Worker-152] INFO  o.e.m.c.i.embedder.EclipseLogger - skip non existing resourceDirectory E:\Test\album\src\main\resources
2017-07-25 13:55:39,576 [Worker-152] INFO  o.e.m.c.i.embedder.EclipseLogger - skip non existing resourceDirectory E:\Test\album\src\main\resources
2017-07-25 13:55:39,577 [Worker-152] INFO  o.e.m.c.i.embedder.EclipseLogger - Using 'UTF-8' encoding to copy filtered resources.
2017-07-25 13:55:39,578 [Worker-152] INFO  o.e.m.c.i.embedder.EclipseLogger - skip non existing resourceDirectory E:\Test\album\src\test\resources
2017-07-25 13:55:48,430 [Worker-149] INFO  o.e.m.c.i.embedder.EclipseLogger - Using 'UTF-8' encoding to copy filtered resources.
2017-07-25 13:55:48,431 [Worker-149] INFO  o.e.m.c.i.embedder.EclipseLogger - skip non existing resourceDirectory E:\Test\album\src\main\resources
2017-07-25 13:55:48,431 [Worker-149] INFO  o.e.m.c.i.embedder.EclipseLogger - skip non existing resourceDirectory E:\Test\album\src\main\resources
2017-07-25 13:55:48,431 [Worker-149] INFO  o.e.m.c.i.embedder.EclipseLogger - Using 'UTF-8' encoding to copy filtered resources.
2017-07-25 13:55:48,432 [Worker-149] INFO  o.e.m.c.i.embedder.EclipseLogger - skip non existing resourceDirectory E:\Test\album\src\test\resources
2017-07-25 13:57:33,726 [Worker-162] INFO  o.e.m.c.i.embedder.EclipseLogger - Using 'UTF-8' encoding to copy filtered resources.
2017-07-25 13:57:33,726 [Worker-162] INFO  o.e.m.c.i.embedder.EclipseLogger - skip non existing resourceDirectory E:\Test\album\src\main\resources
2017-07-25 13:57:33,726 [Worker-162] INFO  o.e.m.c.i.embedder.EclipseLogger - skip non existing resourceDirectory E:\Test\album\src\main\resources
2017-07-25 13:57:33,729 [Worker-162] INFO  o.e.m.c.i.embedder.EclipseLogger - Using 'UTF-8' encoding to copy filtered resources.
2017-07-25 13:57:33,729 [Worker-162] INFO  o.e.m.c.i.embedder.EclipseLogger - skip non existing resourceDirectory E:\Test\album\src\test\resources
2017-07-25 15:09:35,618 [Worker-193] INFO  o.e.m.c.i.embedder.EclipseLogger - Using 'UTF-8' encoding to copy filtered resources.
2017-07-25 15:09:35,618 [Worker-193] INFO  o.e.m.c.i.embedder.EclipseLogger - skip non existing resourceDirectory E:\Test\album\src\main\resources
2017-07-25 15:09:35,618 [Worker-193] INFO  o.e.m.c.i.embedder.EclipseLogger - skip non existing resourceDirectory E:\Test\album\src\main\resources
2017-07-25 15:09:35,620 [Worker-193] INFO  o.e.m.c.i.embedder.EclipseLogger - Using 'UTF-8' encoding to copy filtered resources.
2017-07-25 15:09:35,620 [Worker-193] INFO  o.e.m.c.i.embedder.EclipseLogger - skip non existing resourceDirectory E:\Test\album\src\test\resources
2017-07-25 15:10:27,241 [Worker-191] INFO  o.e.m.c.i.embedder.EclipseLogger - Using 'UTF-8' encoding to copy filtered resources.
2017-07-25 15:10:27,241 [Worker-191] INFO  o.e.m.c.i.embedder.EclipseLogger - skip non existing resourceDirectory E:\Test\album\src\main\resources
2017-07-25 15:10:27,241 [Worker-191] INFO  o.e.m.c.i.embedder.EclipseLogger - skip non existing resourceDirectory E:\Test\album\src\main\resources
2017-07-25 15:10:27,242 [Worker-191] INFO  o.e.m.c.i.embedder.EclipseLogger - Using 'UTF-8' encoding to copy filtered resources.
2017-07-25 15:10:27,242 [Worker-191] INFO  o.e.m.c.i.embedder.EclipseLogger - skip non existing resourceDirectory E:\Test\album\src\test\resources
2017-07-25 15:10:36,495 [Worker-195] INFO  o.e.m.c.i.embedder.EclipseLogger - Using 'UTF-8' encoding to copy filtered resources.
2017-07-25 15:10:36,495 [Worker-195] INFO  o.e.m.c.i.embedder.EclipseLogger - skip non existing resourceDirectory E:\Test\album\src\main\resources
2017-07-25 15:10:36,495 [Worker-195] INFO  o.e.m.c.i.embedder.EclipseLogger - skip non existing resourceDirectory E:\Test\album\src\main\resources
2017-07-25 15:10:36,496 [Worker-195] INFO  o.e.m.c.i.embedder.EclipseLogger - Using 'UTF-8' encoding to copy filtered resources.
2017-07-25 15:10:36,496 [Worker-195] INFO  o.e.m.c.i.embedder.EclipseLogger - skip non existing resourceDirectory E:\Test\album\src\test\resources
2017-07-25 15:11:02,629 [Worker-191] INFO  o.e.m.c.i.embedder.EclipseLogger - Using 'UTF-8' encoding to copy filtered resources.
2017-07-25 15:11:02,629 [Worker-191] INFO  o.e.m.c.i.embedder.EclipseLogger - skip non existing resourceDirectory E:\Test\album\src\main\resources
2017-07-25 15:11:02,630 [Worker-191] INFO  o.e.m.c.i.embedder.EclipseLogger - skip non existing resourceDirectory E:\Test\album\src\main\resources
2017-07-25 15:11:02,631 [Worker-191] INFO  o.e.m.c.i.embedder.EclipseLogger - Using 'UTF-8' encoding to copy filtered resources.
2017-07-25 15:11:02,631 [Worker-191] INFO  o.e.m.c.i.embedder.EclipseLogger - skip non existing resourceDirectory E:\Test\album\src\test\resources
2017-07-25 15:11:46,048 [Worker-191] INFO  o.e.m.c.i.embedder.EclipseLogger - Using 'UTF-8' encoding to copy filtered resources.
2017-07-25 15:11:46,048 [Worker-191] INFO  o.e.m.c.i.embedder.EclipseLogger - skip non existing resourceDirectory E:\Test\album\src\main\resources
2017-07-25 15:11:46,048 [Worker-191] INFO  o.e.m.c.i.embedder.EclipseLogger - skip non existing resourceDirectory E:\Test\album\src\main\resources
2017-07-25 15:11:46,049 [Worker-191] INFO  o.e.m.c.i.embedder.EclipseLogger - Using 'UTF-8' encoding to copy filtered resources.
2017-07-25 15:11:46,049 [Worker-191] INFO  o.e.m.c.i.embedder.EclipseLogger - skip non existing resourceDirectory E:\Test\album\src\test\resources
2017-07-25 15:12:19,616 [Worker-180] INFO  o.e.m.c.i.embedder.EclipseLogger - Using 'UTF-8' encoding to copy filtered resources.
2017-07-25 15:12:19,617 [Worker-180] INFO  o.e.m.c.i.embedder.EclipseLogger - skip non existing resourceDirectory E:\Test\album\src\main\resources
2017-07-25 15:12:19,617 [Worker-180] INFO  o.e.m.c.i.embedder.EclipseLogger - skip non existing resourceDirectory E:\Test\album\src\main\resources
2017-07-25 15:12:19,619 [Worker-180] INFO  o.e.m.c.i.embedder.EclipseLogger - Using 'UTF-8' encoding to copy filtered resources.
2017-07-25 15:12:19,619 [Worker-180] INFO  o.e.m.c.i.embedder.EclipseLogger - skip non existing resourceDirectory E:\Test\album\src\test\resources
2017-07-25 15:17:09,257 [Worker-194] INFO  o.e.m.c.i.embedder.EclipseLogger - Using 'UTF-8' encoding to copy filtered resources.
2017-07-25 15:17:09,257 [Worker-194] INFO  o.e.m.c.i.embedder.EclipseLogger - skip non existing resourceDirectory E:\Test\album\src\main\resources
2017-07-25 15:17:09,257 [Worker-194] INFO  o.e.m.c.i.embedder.EclipseLogger - skip non existing resourceDirectory E:\Test\album\src\main\resources
2017-07-25 15:17:09,259 [Worker-194] INFO  o.e.m.c.i.embedder.EclipseLogger - Using 'UTF-8' encoding to copy filtered resources.
2017-07-25 15:17:09,259 [Worker-194] INFO  o.e.m.c.i.embedder.EclipseLogger - skip non existing resourceDirectory E:\Test\album\src\test\resources
2017-07-25 15:19:36,499 [Worker-197] INFO  o.e.m.c.i.embedder.EclipseLogger - Using 'UTF-8' encoding to copy filtered resources.
2017-07-25 15:19:36,501 [Worker-197] INFO  o.e.m.c.i.embedder.EclipseLogger - Copying 0 resource
2017-07-25 15:19:36,501 [Worker-197] INFO  o.e.m.c.i.embedder.EclipseLogger - Copying 0 resource
2017-07-25 15:19:36,502 [Worker-197] INFO  o.e.m.c.i.embedder.EclipseLogger - Using 'UTF-8' encoding to copy filtered resources.
2017-07-25 15:19:36,502 [Worker-197] INFO  o.e.m.c.i.embedder.EclipseLogger - skip non existing resourceDirectory E:\Test\album\src\test\resources
2017-07-25 15:21:21,877 [Worker-194] INFO  o.e.m.c.i.embedder.EclipseLogger - Using 'UTF-8' encoding to copy filtered resources.
2017-07-25 15:21:21,878 [Worker-194] INFO  o.e.m.c.i.embedder.EclipseLogger - Copying 1 resource
2017-07-25 15:21:21,957 [Worker-194] INFO  o.e.m.c.i.embedder.EclipseLogger - Copying 0 resource
2017-07-25 15:21:21,958 [Worker-194] INFO  o.e.m.c.i.embedder.EclipseLogger - Using 'UTF-8' encoding to copy filtered resources.
2017-07-25 15:21:21,959 [Worker-194] INFO  o.e.m.c.i.embedder.EclipseLogger - skip non existing resourceDirectory E:\Test\album\src\test\resources
2017-07-25 15:22:41,148 [Worker-196] INFO  o.e.m.c.i.embedder.EclipseLogger - Using 'UTF-8' encoding to copy filtered resources.
2017-07-25 15:22:41,149 [Worker-196] INFO  o.e.m.c.i.embedder.EclipseLogger - Copying 1 resource
2017-07-25 15:22:41,150 [Worker-196] INFO  o.e.m.c.i.embedder.EclipseLogger - Copying 0 resource
2017-07-25 15:22:41,151 [Worker-196] INFO  o.e.m.c.i.embedder.EclipseLogger - Using 'UTF-8' encoding to copy filtered resources.
2017-07-25 15:22:41,151 [Worker-196] INFO  o.e.m.c.i.embedder.EclipseLogger - skip non existing resourceDirectory E:\Test\album\src\test\resources
2017-07-25 15:28:06,296 [Worker-204] INFO  o.e.m.c.i.embedder.EclipseLogger - Using 'UTF-8' encoding to copy filtered resources.
2017-07-25 15:28:06,296 [Worker-204] INFO  o.e.m.c.i.embedder.EclipseLogger - Copying 1 resource
2017-07-25 15:28:06,297 [Worker-204] INFO  o.e.m.c.i.embedder.EclipseLogger - Copying 0 resource
2017-07-25 15:28:06,298 [Worker-204] INFO  o.e.m.c.i.embedder.EclipseLogger - Using 'UTF-8' encoding to copy filtered resources.
2017-07-25 15:28:06,298 [Worker-204] INFO  o.e.m.c.i.embedder.EclipseLogger - skip non existing resourceDirectory E:\Test\album\src\test\resources
2017-07-25 15:28:24,178 [Worker-204] INFO  o.e.m.c.i.embedder.EclipseLogger - Using 'UTF-8' encoding to copy filtered resources.
2017-07-25 15:28:24,178 [Worker-204] INFO  o.e.m.c.i.embedder.EclipseLogger - Copying 1 resource
2017-07-25 15:28:24,179 [Worker-204] INFO  o.e.m.c.i.embedder.EclipseLogger - Copying 0 resource
2017-07-25 15:28:24,181 [Worker-204] INFO  o.e.m.c.i.embedder.EclipseLogger - Using 'UTF-8' encoding to copy filtered resources.
2017-07-25 15:28:24,181 [Worker-204] INFO  o.e.m.c.i.embedder.EclipseLogger - skip non existing resourceDirectory E:\Test\album\src\test\resources
2017-07-25 15:29:26,710 [Worker-205] INFO  o.e.m.c.i.embedder.EclipseLogger - Using 'UTF-8' encoding to copy filtered resources.
2017-07-25 15:29:26,710 [Worker-205] INFO  o.e.m.c.i.embedder.EclipseLogger - Copying 1 resource
2017-07-25 15:29:26,711 [Worker-205] INFO  o.e.m.c.i.embedder.EclipseLogger - Copying 0 resource
2017-07-25 15:29:26,712 [Worker-205] INFO  o.e.m.c.i.embedder.EclipseLogger - Using 'UTF-8' encoding to copy filtered resources.
2017-07-25 15:29:26,713 [Worker-205] INFO  o.e.m.c.i.embedder.EclipseLogger - skip non existing resourceDirectory E:\Test\album\src\test\resources
2017-07-25 15:29:49,751 [Worker-203] INFO  o.e.m.c.i.embedder.EclipseLogger - Using 'UTF-8' encoding to copy filtered resources.
2017-07-25 15:29:49,752 [Worker-203] INFO  o.e.m.c.i.embedder.EclipseLogger - Copying 1 resource
2017-07-25 15:29:49,753 [Worker-203] INFO  o.e.m.c.i.embedder.EclipseLogger - Copying 0 resource
2017-07-25 15:29:49,755 [Worker-203] INFO  o.e.m.c.i.embedder.EclipseLogger - Using 'UTF-8' encoding to copy filtered resources.
2017-07-25 15:29:49,755 [Worker-203] INFO  o.e.m.c.i.embedder.EclipseLogger - skip non existing resourceDirectory E:\Test\album\src\test\resources
2017-07-25 15:31:26,510 [Worker-209] INFO  o.e.m.c.i.embedder.EclipseLogger - Using 'UTF-8' encoding to copy filtered resources.
2017-07-25 15:31:26,511 [Worker-209] INFO  o.e.m.c.i.embedder.EclipseLogger - Copying 1 resource
2017-07-25 15:31:26,512 [Worker-209] INFO  o.e.m.c.i.embedder.EclipseLogger - Copying 0 resource
2017-07-25 15:31:26,512 [Worker-209] INFO  o.e.m.c.i.embedder.EclipseLogger - Using 'UTF-8' encoding to copy filtered resources.
2017-07-25 15:31:26,513 [Worker-209] INFO  o.e.m.c.i.embedder.EclipseLogger - skip non existing resourceDirectory E:\Test\album\src\test\resources
2017-07-25 15:33:10,837 [Worker-194] INFO  o.e.m.c.i.embedder.EclipseLogger - Using 'UTF-8' encoding to copy filtered resources.
2017-07-25 15:33:10,837 [Worker-194] INFO  o.e.m.c.i.embedder.EclipseLogger - Copying 1 resource
2017-07-25 15:33:10,838 [Worker-194] INFO  o.e.m.c.i.embedder.EclipseLogger - Copying 0 resource
2017-07-25 15:33:10,839 [Worker-194] INFO  o.e.m.c.i.embedder.EclipseLogger - Using 'UTF-8' encoding to copy filtered resources.
2017-07-25 15:33:10,839 [Worker-194] INFO  o.e.m.c.i.embedder.EclipseLogger - skip non existing resourceDirectory E:\Test\album\src\test\resources
2017-07-25 15:33:32,126 [Worker-208] INFO  o.e.m.c.i.embedder.EclipseLogger - Using 'UTF-8' encoding to copy filtered resources.
2017-07-25 15:33:32,126 [Worker-208] INFO  o.e.m.c.i.embedder.EclipseLogger - Copying 1 resource
2017-07-25 15:33:32,128 [Worker-208] INFO  o.e.m.c.i.embedder.EclipseLogger - Copying 0 resource
2017-07-25 15:33:32,130 [Worker-208] INFO  o.e.m.c.i.embedder.EclipseLogger - Using 'UTF-8' encoding to copy filtered resources.
2017-07-25 15:33:32,130 [Worker-208] INFO  o.e.m.c.i.embedder.EclipseLogger - skip non existing resourceDirectory E:\Test\album\src\test\resources
2017-07-25 15:33:54,688 [Worker-213] INFO  o.e.m.c.i.embedder.EclipseLogger - Using 'UTF-8' encoding to copy filtered resources.
2017-07-25 15:33:54,689 [Worker-213] INFO  o.e.m.c.i.embedder.EclipseLogger - Copying 0 resource
2017-07-25 15:33:54,689 [Worker-213] INFO  o.e.m.c.i.embedder.EclipseLogger - Copying 0 resource
2017-07-25 15:33:54,690 [Worker-213] INFO  o.e.m.c.i.embedder.EclipseLogger - Using 'UTF-8' encoding to copy filtered resources.
2017-07-25 15:33:54,690 [Worker-213] INFO  o.e.m.c.i.embedder.EclipseLogger - skip non existing resourceDirectory E:\Test\album\src\test\resources
2017-07-25 15:34:01,076 [Worker-213] INFO  o.e.m.c.i.embedder.EclipseLogger - Using 'UTF-8' encoding to copy filtered resources.
2017-07-25 15:34:01,077 [Worker-213] INFO  o.e.m.c.i.embedder.EclipseLogger - Copying 0 resource
2017-07-25 15:34:01,077 [Worker-213] INFO  o.e.m.c.i.embedder.EclipseLogger - Copying 0 resource
2017-07-25 15:34:01,078 [Worker-213] INFO  o.e.m.c.i.embedder.EclipseLogger - Using 'UTF-8' encoding to copy filtered resources.
2017-07-25 15:34:01,078 [Worker-213] INFO  o.e.m.c.i.embedder.EclipseLogger - skip non existing resourceDirectory E:\Test\album\src\test\resources
2017-07-25 15:34:07,696 [Worker-208] INFO  o.e.m.c.i.embedder.EclipseLogger - Using 'UTF-8' encoding to copy filtered resources.
2017-07-25 15:34:07,696 [Worker-208] INFO  o.e.m.c.i.embedder.EclipseLogger - Copying 0 resource
2017-07-25 15:34:07,696 [Worker-208] INFO  o.e.m.c.i.embedder.EclipseLogger - Copying 0 resource
2017-07-25 15:34:07,697 [Worker-208] INFO  o.e.m.c.i.embedder.EclipseLogger - Using 'UTF-8' encoding to copy filtered resources.
2017-07-25 15:34:07,697 [Worker-208] INFO  o.e.m.c.i.embedder.EclipseLogger - skip non existing resourceDirectory E:\Test\album\src\test\resources
2017-07-25 15:34:15,373 [Worker-208] INFO  o.e.m.c.i.embedder.EclipseLogger - Using 'UTF-8' encoding to copy filtered resources.
2017-07-25 15:34:15,373 [Worker-208] INFO  o.e.m.c.i.embedder.EclipseLogger - Copying 0 resource
2017-07-25 15:34:15,373 [Worker-208] INFO  o.e.m.c.i.embedder.EclipseLogger - Copying 0 resource
2017-07-25 15:34:15,374 [Worker-208] INFO  o.e.m.c.i.embedder.EclipseLogger - Using 'UTF-8' encoding to copy filtered resources.
2017-07-25 15:34:15,374 [Worker-208] INFO  o.e.m.c.i.embedder.EclipseLogger - skip non existing resourceDirectory E:\Test\album\src\test\resources
2017-07-25 15:39:13,109 [Worker-216] INFO  o.e.m.c.i.embedder.EclipseLogger - Using 'UTF-8' encoding to copy filtered resources.
2017-07-25 15:39:13,109 [Worker-216] INFO  o.e.m.c.i.embedder.EclipseLogger - Copying 1 resource
2017-07-25 15:39:13,110 [Worker-216] INFO  o.e.m.c.i.embedder.EclipseLogger - Copying 0 resource
2017-07-25 15:39:13,111 [Worker-216] INFO  o.e.m.c.i.embedder.EclipseLogger - Using 'UTF-8' encoding to copy filtered resources.
2017-07-25 15:39:13,111 [Worker-216] INFO  o.e.m.c.i.embedder.EclipseLogger - skip non existing resourceDirectory E:\Test\album\src\test\resources
2017-07-25 15:39:37,982 [Worker-194] INFO  o.e.m.c.i.embedder.EclipseLogger - Using 'UTF-8' encoding to copy filtered resources.
2017-07-25 15:39:37,982 [Worker-194] INFO  o.e.m.c.i.embedder.EclipseLogger - Copying 1 resource
2017-07-25 15:39:37,983 [Worker-194] INFO  o.e.m.c.i.embedder.EclipseLogger - Copying 0 resource
2017-07-25 15:39:37,984 [Worker-194] INFO  o.e.m.c.i.embedder.EclipseLogger - Using 'UTF-8' encoding to copy filtered resources.
2017-07-25 15:39:37,984 [Worker-194] INFO  o.e.m.c.i.embedder.EclipseLogger - skip non existing resourceDirectory E:\Test\album\src\test\resources
2017-07-25 15:42:11,447 [Worker-215] INFO  o.e.m.c.i.embedder.EclipseLogger - Using 'UTF-8' encoding to copy filtered resources.
2017-07-25 15:42:11,447 [Worker-215] INFO  o.e.m.c.i.embedder.EclipseLogger - Copying 1 resource
2017-07-25 15:42:11,448 [Worker-215] INFO  o.e.m.c.i.embedder.EclipseLogger - Copying 0 resource
2017-07-25 15:42:11,450 [Worker-215] INFO  o.e.m.c.i.embedder.EclipseLogger - Using 'UTF-8' encoding to copy filtered resources.
2017-07-25 15:42:11,450 [Worker-215] INFO  o.e.m.c.i.embedder.EclipseLogger - skip non existing resourceDirectory E:\Test\album\src\test\resources
2017-07-25 15:42:14,741 [Worker-218] INFO  o.e.m.c.i.embedder.EclipseLogger - Using 'UTF-8' encoding to copy filtered resources.
2017-07-25 15:42:14,741 [Worker-218] INFO  o.e.m.c.i.embedder.EclipseLogger - Copying 1 resource
2017-07-25 15:42:14,742 [Worker-218] INFO  o.e.m.c.i.embedder.EclipseLogger - Copying 0 resource
2017-07-25 15:42:14,743 [Worker-218] INFO  o.e.m.c.i.embedder.EclipseLogger - Using 'UTF-8' encoding to copy filtered resources.
2017-07-25 15:42:14,743 [Worker-218] INFO  o.e.m.c.i.embedder.EclipseLogger - skip non existing resourceDirectory E:\Test\album\src\test\resources
2017-07-25 15:42:17,934 [Worker-218] INFO  o.e.m.c.i.embedder.EclipseLogger - Using 'UTF-8' encoding to copy filtered resources.
2017-07-25 15:42:17,934 [Worker-218] INFO  o.e.m.c.i.embedder.EclipseLogger - Copying 1 resource
2017-07-25 15:42:17,935 [Worker-218] INFO  o.e.m.c.i.embedder.EclipseLogger - Copying 0 resource
2017-07-25 15:42:17,936 [Worker-218] INFO  o.e.m.c.i.embedder.EclipseLogger - Using 'UTF-8' encoding to copy filtered resources.
2017-07-25 15:42:17,936 [Worker-218] INFO  o.e.m.c.i.embedder.EclipseLogger - skip non existing resourceDirectory E:\Test\album\src\test\resources
2017-07-25 15:42:55,146 [Worker-194] INFO  o.e.m.c.i.embedder.EclipseLogger - Using 'UTF-8' encoding to copy filtered resources.
2017-07-25 15:42:55,147 [Worker-194] INFO  o.e.m.c.i.embedder.EclipseLogger - Copying 1 resource
2017-07-25 15:42:55,148 [Worker-194] INFO  o.e.m.c.i.embedder.EclipseLogger - Copying 0 resource
2017-07-25 15:42:55,149 [Worker-194] INFO  o.e.m.c.i.embedder.EclipseLogger - Using 'UTF-8' encoding to copy filtered resources.
2017-07-25 15:42:55,149 [Worker-194] INFO  o.e.m.c.i.embedder.EclipseLogger - skip non existing resourceDirectory E:\Test\album\src\test\resources
2017-07-25 16:30:22,051 [Worker-232] INFO  o.e.m.c.i.embedder.EclipseLogger - Using 'UTF-8' encoding to copy filtered resources.
2017-07-25 16:30:22,051 [Worker-232] INFO  o.e.m.c.i.embedder.EclipseLogger - Copying 1 resource
2017-07-25 16:30:22,052 [Worker-232] INFO  o.e.m.c.i.embedder.EclipseLogger - Copying 0 resource
2017-07-25 16:30:22,054 [Worker-232] INFO  o.e.m.c.i.embedder.EclipseLogger - Using 'UTF-8' encoding to copy filtered resources.
2017-07-25 16:30:22,054 [Worker-232] INFO  o.e.m.c.i.embedder.EclipseLogger - skip non existing resourceDirectory E:\Test\album\src\test\resources
2017-07-25 16:31:30,767 [Worker-236] INFO  o.e.m.c.i.embedder.EclipseLogger - Using 'UTF-8' encoding to copy filtered resources.
2017-07-25 16:31:30,767 [Worker-236] INFO  o.e.m.c.i.embedder.EclipseLogger - Copying 1 resource
2017-07-25 16:31:30,768 [Worker-236] INFO  o.e.m.c.i.embedder.EclipseLogger - Copying 0 resource
2017-07-25 16:31:30,769 [Worker-236] INFO  o.e.m.c.i.embedder.EclipseLogger - Using 'UTF-8' encoding to copy filtered resources.
2017-07-25 16:31:30,769 [Worker-236] INFO  o.e.m.c.i.embedder.EclipseLogger - skip non existing resourceDirectory E:\Test\album\src\test\resources
2017-07-25 16:31:58,438 [Worker-237] INFO  o.e.m.c.i.embedder.EclipseLogger - Using 'UTF-8' encoding to copy filtered resources.
2017-07-25 16:31:58,439 [Worker-237] INFO  o.e.m.c.i.embedder.EclipseLogger - Copying 1 resource
2017-07-25 16:31:58,440 [Worker-237] INFO  o.e.m.c.i.embedder.EclipseLogger - Copying 0 resource
2017-07-25 16:31:58,441 [Worker-237] INFO  o.e.m.c.i.embedder.EclipseLogger - Using 'UTF-8' encoding to copy filtered resources.
2017-07-25 16:31:58,441 [Worker-237] INFO  o.e.m.c.i.embedder.EclipseLogger - skip non existing resourceDirectory E:\Test\album\src\test\resources
2017-07-25 16:42:30,057 [Worker-234] INFO  o.e.m.c.i.l.LifecycleMappingFactory - Using org.eclipse.m2e.jdt.JarLifecycleMapping lifecycle mapping for MavenProject: wdy:album:0.0.1-SNAPSHOT @ E:\Test\album\pom.xml.
2017-07-25 16:42:31,792 [Worker-234] INFO  o.e.m.c.i.e.AbstractTransferListenerAdapter - Downloaded http://192.168.58.38:8081/nexus/content/groups/public/com/github/pagehelper/pagehelper/3.2.3/pagehelper-3.2.3.pom
2017-07-25 16:42:33,680 [Worker-234] INFO  o.e.m.c.i.e.AbstractTransferListenerAdapter - Downloading https://repo.maven.apache.org/maven2/com/github/pagehelper/pagehelper/3.2.3/pagehelper-3.2.3.pom
2017-07-25 16:42:34,066 [Worker-234] INFO  o.e.m.c.i.e.AbstractTransferListenerAdapter - Downloaded https://repo.maven.apache.org/maven2/com/github/pagehelper/pagehelper/3.2.3/pagehelper-3.2.3.pom
2017-07-25 16:42:35,139 [Worker-234] INFO  o.e.m.c.i.e.AbstractTransferListenerAdapter - Downloaded http://192.168.58.38:8081/nexus/content/groups/public/com/github/pagehelper/pagehelper/3.2.3/pagehelper-3.2.3.jar
2017-07-25 16:42:35,509 [Worker-234] INFO  o.e.m.c.i.e.AbstractTransferListenerAdapter - Downloading https://repo.maven.apache.org/maven2/com/github/pagehelper/pagehelper/3.2.3/pagehelper-3.2.3.jar
2017-07-25 16:42:35,969 [Worker-234] INFO  o.e.m.c.i.e.AbstractTransferListenerAdapter - Downloaded https://repo.maven.apache.org/maven2/com/github/pagehelper/pagehelper/3.2.3/pagehelper-3.2.3.jar
2017-07-25 16:42:36,276 [Worker-234] INFO  o.e.m.c.i.embedder.EclipseLogger - Using 'UTF-8' encoding to copy filtered resources.
2017-07-25 16:42:36,277 [Worker-234] INFO  o.e.m.c.i.embedder.EclipseLogger - Copying 0 resource
2017-07-25 16:42:36,278 [Worker-234] INFO  o.e.m.c.i.embedder.EclipseLogger - Copying 0 resource
2017-07-25 16:42:36,279 [Worker-234] INFO  o.e.m.c.i.embedder.EclipseLogger - Using 'UTF-8' encoding to copy filtered resources.
2017-07-25 16:42:36,279 [Worker-234] INFO  o.e.m.c.i.embedder.EclipseLogger - skip non existing resourceDirectory E:\Test\album\src\test\resources
2017-07-25 16:42:38,090 [Worker-247] INFO  o.e.m.c.i.embedder.EclipseLogger - Using 'UTF-8' encoding to copy filtered resources.
2017-07-25 16:42:38,090 [Worker-247] INFO  o.e.m.c.i.embedder.EclipseLogger - Copying 1 resource
2017-07-25 16:42:38,099 [Worker-247] INFO  o.e.m.c.i.embedder.EclipseLogger - Copying 0 resource
2017-07-25 16:42:38,101 [Worker-247] INFO  o.e.m.c.i.embedder.EclipseLogger - Using 'UTF-8' encoding to copy filtered resources.
2017-07-25 16:42:38,101 [Worker-247] INFO  o.e.m.c.i.embedder.EclipseLogger - skip non existing resourceDirectory E:\Test\album\src\test\resources
2017-07-25 16:42:39,179 [Worker-247] INFO  o.e.m.i.launch.MavenLaunchDelegate - E:\Test\album
2017-07-25 16:42:39,180 [Worker-247] INFO  o.e.m.i.launch.MavenLaunchDelegate -  mvn -B install
2017-07-25 16:42:47,778 [Worker-234] INFO  o.e.m.c.i.embedder.EclipseLogger - Using 'UTF-8' encoding to copy filtered resources.
2017-07-25 16:42:47,779 [Worker-234] INFO  o.e.m.c.i.embedder.EclipseLogger - Copying 1 resource
2017-07-25 16:42:47,780 [Worker-234] INFO  o.e.m.c.i.embedder.EclipseLogger - Copying 0 resource
2017-07-25 16:42:47,781 [Worker-234] INFO  o.e.m.c.i.embedder.EclipseLogger - Using 'UTF-8' encoding to copy filtered resources.
2017-07-25 16:42:47,781 [Worker-234] INFO  o.e.m.c.i.embedder.EclipseLogger - skip non existing resourceDirectory E:\Test\album\src\test\resources
2017-07-25 16:43:20,453 [Worker-237] INFO  o.e.m.c.i.embedder.EclipseLogger - Using 'UTF-8' encoding to copy filtered resources.
2017-07-25 16:43:20,453 [Worker-237] INFO  o.e.m.c.i.embedder.EclipseLogger - Copying 1 resource
2017-07-25 16:43:20,454 [Worker-237] INFO  o.e.m.c.i.embedder.EclipseLogger - Copying 0 resource
2017-07-25 16:43:20,455 [Worker-237] INFO  o.e.m.c.i.embedder.EclipseLogger - Using 'UTF-8' encoding to copy filtered resources.
2017-07-25 16:43:20,455 [Worker-237] INFO  o.e.m.c.i.embedder.EclipseLogger - skip non existing resourceDirectory E:\Test\album\src\test\resources
2017-07-25 16:47:43,772 [Worker-244] INFO  o.e.m.c.i.embedder.EclipseLogger - Using 'UTF-8' encoding to copy filtered resources.
2017-07-25 16:47:43,772 [Worker-244] INFO  o.e.m.c.i.embedder.EclipseLogger - Copying 1 resource
2017-07-25 16:47:43,773 [Worker-244] INFO  o.e.m.c.i.embedder.EclipseLogger - Copying 0 resource
2017-07-25 16:47:43,774 [Worker-244] INFO  o.e.m.c.i.embedder.EclipseLogger - Using 'UTF-8' encoding to copy filtered resources.
2017-07-25 16:47:43,774 [Worker-244] INFO  o.e.m.c.i.embedder.EclipseLogger - skip non existing resourceDirectory E:\Test\album\src\test\resources
2017-07-25 16:48:53,101 [Worker-247] INFO  o.e.m.c.i.embedder.EclipseLogger - Using 'UTF-8' encoding to copy filtered resources.
2017-07-25 16:48:53,101 [Worker-247] INFO  o.e.m.c.i.embedder.EclipseLogger - Copying 1 resource
2017-07-25 16:48:53,102 [Worker-247] INFO  o.e.m.c.i.embedder.EclipseLogger - Copying 0 resource
2017-07-25 16:48:53,104 [Worker-247] INFO  o.e.m.c.i.embedder.EclipseLogger - Using 'UTF-8' encoding to copy filtered resources.
2017-07-25 16:48:53,104 [Worker-247] INFO  o.e.m.c.i.embedder.EclipseLogger - skip non existing resourceDirectory E:\Test\album\src\test\resources
2017-07-25 16:51:55,752 [Worker-234] INFO  o.e.m.c.i.embedder.EclipseLogger - Using 'UTF-8' encoding to copy filtered resources.
2017-07-25 16:51:55,752 [Worker-234] INFO  o.e.m.c.i.embedder.EclipseLogger - Copying 1 resource
2017-07-25 16:51:55,753 [Worker-234] INFO  o.e.m.c.i.embedder.EclipseLogger - Copying 0 resource
2017-07-25 16:51:55,754 [Worker-234] INFO  o.e.m.c.i.embedder.EclipseLogger - Using 'UTF-8' encoding to copy filtered resources.
2017-07-25 16:51:55,754 [Worker-234] INFO  o.e.m.c.i.embedder.EclipseLogger - skip non existing resourceDirectory E:\Test\album\src\test\resources
2017-07-25 16:53:22,023 [Worker-234] INFO  o.e.m.c.i.embedder.EclipseLogger - Using 'UTF-8' encoding to copy filtered resources.
2017-07-25 16:53:22,024 [Worker-234] INFO  o.e.m.c.i.embedder.EclipseLogger - Copying 1 resource
2017-07-25 16:53:22,025 [Worker-234] INFO  o.e.m.c.i.embedder.EclipseLogger - Copying 0 resource
2017-07-25 16:53:22,026 [Worker-234] INFO  o.e.m.c.i.embedder.EclipseLogger - Using 'UTF-8' encoding to copy filtered resources.
2017-07-25 16:53:22,026 [Worker-234] INFO  o.e.m.c.i.embedder.EclipseLogger - skip non existing resourceDirectory E:\Test\album\src\test\resources
2017-07-25 16:53:47,534 [Worker-246] INFO  o.e.m.c.i.embedder.EclipseLogger - Using 'UTF-8' encoding to copy filtered resources.
2017-07-25 16:53:47,534 [Worker-246] INFO  o.e.m.c.i.embedder.EclipseLogger - Copying 1 resource
2017-07-25 16:53:47,535 [Worker-246] INFO  o.e.m.c.i.embedder.EclipseLogger - Copying 0 resource
2017-07-25 16:53:47,536 [Worker-246] INFO  o.e.m.c.i.embedder.EclipseLogger - Using 'UTF-8' encoding to copy filtered resources.
2017-07-25 16:53:47,536 [Worker-246] INFO  o.e.m.c.i.embedder.EclipseLogger - skip non existing resourceDirectory E:\Test\album\src\test\resources
2017-07-25 16:55:38,558 [Worker-251] INFO  o.e.m.c.i.embedder.EclipseLogger - Using 'UTF-8' encoding to copy filtered resources.
2017-07-25 16:55:38,559 [Worker-251] INFO  o.e.m.c.i.embedder.EclipseLogger - Copying 1 resource
2017-07-25 16:55:38,559 [Worker-251] INFO  o.e.m.c.i.embedder.EclipseLogger - Copying 0 resource
2017-07-25 16:55:38,560 [Worker-251] INFO  o.e.m.c.i.embedder.EclipseLogger - Using 'UTF-8' encoding to copy filtered resources.
2017-07-25 16:55:38,560 [Worker-251] INFO  o.e.m.c.i.embedder.EclipseLogger - skip non existing resourceDirectory E:\Test\album\src\test\resources
2017-07-25 16:55:43,852 [Worker-247] INFO  o.e.m.c.i.embedder.EclipseLogger - Using 'UTF-8' encoding to copy filtered resources.
2017-07-25 16:55:43,852 [Worker-247] INFO  o.e.m.c.i.embedder.EclipseLogger - Copying 1 resource
2017-07-25 16:55:43,853 [Worker-247] INFO  o.e.m.c.i.embedder.EclipseLogger - Copying 0 resource
2017-07-25 16:55:43,855 [Worker-247] INFO  o.e.m.c.i.embedder.EclipseLogger - Using 'UTF-8' encoding to copy filtered resources.
2017-07-25 16:55:43,855 [Worker-247] INFO  o.e.m.c.i.embedder.EclipseLogger - skip non existing resourceDirectory E:\Test\album\src\test\resources
2017-07-25 16:55:57,748 [Worker-251] INFO  o.e.m.c.i.embedder.EclipseLogger - Using 'UTF-8' encoding to copy filtered resources.
2017-07-25 16:55:57,749 [Worker-251] INFO  o.e.m.c.i.embedder.EclipseLogger - Copying 1 resource
2017-07-25 16:55:57,750 [Worker-251] INFO  o.e.m.c.i.embedder.EclipseLogger - Copying 0 resource
2017-07-25 16:55:57,751 [Worker-251] INFO  o.e.m.c.i.embedder.EclipseLogger - Using 'UTF-8' encoding to copy filtered resources.
2017-07-25 16:55:57,751 [Worker-251] INFO  o.e.m.c.i.embedder.EclipseLogger - skip non existing resourceDirectory E:\Test\album\src\test\resources
2017-07-25 17:03:10,726 [Worker-255] INFO  o.e.m.c.i.embedder.EclipseLogger - Using 'UTF-8' encoding to copy filtered resources.
2017-07-25 17:03:10,726 [Worker-255] INFO  o.e.m.c.i.embedder.EclipseLogger - Copying 1 resource
2017-07-25 17:03:10,727 [Worker-255] INFO  o.e.m.c.i.embedder.EclipseLogger - Copying 0 resource
2017-07-25 17:03:10,729 [Worker-255] INFO  o.e.m.c.i.embedder.EclipseLogger - Using 'UTF-8' encoding to copy filtered resources.
2017-07-25 17:03:10,729 [Worker-255] INFO  o.e.m.c.i.embedder.EclipseLogger - skip non existing resourceDirectory E:\Test\album\src\test\resources
2017-07-25 17:03:59,914 [Worker-257] INFO  o.e.m.c.i.embedder.EclipseLogger - Using 'UTF-8' encoding to copy filtered resources.
2017-07-25 17:03:59,914 [Worker-257] INFO  o.e.m.c.i.embedder.EclipseLogger - Copying 1 resource
2017-07-25 17:03:59,916 [Worker-257] INFO  o.e.m.c.i.embedder.EclipseLogger - Copying 0 resource
2017-07-25 17:03:59,916 [Worker-257] INFO  o.e.m.c.i.embedder.EclipseLogger - Using 'UTF-8' encoding to copy filtered resources.
2017-07-25 17:03:59,917 [Worker-257] INFO  o.e.m.c.i.embedder.EclipseLogger - skip non existing resourceDirectory E:\Test\album\src\test\resources
2017-07-25 17:04:31,154 [Worker-256] INFO  o.e.m.c.i.embedder.EclipseLogger - Using 'UTF-8' encoding to copy filtered resources.
2017-07-25 17:04:31,154 [Worker-256] INFO  o.e.m.c.i.embedder.EclipseLogger - Copying 1 resource
2017-07-25 17:04:31,155 [Worker-256] INFO  o.e.m.c.i.embedder.EclipseLogger - Copying 0 resource
2017-07-25 17:04:31,156 [Worker-256] INFO  o.e.m.c.i.embedder.EclipseLogger - Using 'UTF-8' encoding to copy filtered resources.
2017-07-25 17:04:31,156 [Worker-256] INFO  o.e.m.c.i.embedder.EclipseLogger - skip non existing resourceDirectory E:\Test\album\src\test\resources
2017-07-25 17:05:20,490 [Worker-259] INFO  o.e.m.c.i.embedder.EclipseLogger - Using 'UTF-8' encoding to copy filtered resources.
2017-07-25 17:05:20,490 [Worker-259] INFO  o.e.m.c.i.embedder.EclipseLogger - Copying 1 resource
2017-07-25 17:05:20,491 [Worker-259] INFO  o.e.m.c.i.embedder.EclipseLogger - Copying 0 resource
2017-07-25 17:05:20,493 [Worker-259] INFO  o.e.m.c.i.embedder.EclipseLogger - Using 'UTF-8' encoding to copy filtered resources.
2017-07-25 17:05:20,493 [Worker-259] INFO  o.e.m.c.i.embedder.EclipseLogger - skip non existing resourceDirectory E:\Test\album\src\test\resources
2017-07-25 17:06:52,669 [Worker-257] INFO  o.e.m.c.i.embedder.EclipseLogger - Using 'UTF-8' encoding to copy filtered resources.
2017-07-25 17:06:52,670 [Worker-257] INFO  o.e.m.c.i.embedder.EclipseLogger - Copying 1 resource
2017-07-25 17:06:52,670 [Worker-257] INFO  o.e.m.c.i.embedder.EclipseLogger - Copying 0 resource
2017-07-25 17:06:52,671 [Worker-257] INFO  o.e.m.c.i.embedder.EclipseLogger - Using 'UTF-8' encoding to copy filtered resources.
2017-07-25 17:06:52,671 [Worker-257] INFO  o.e.m.c.i.embedder.EclipseLogger - skip non existing resourceDirectory E:\Test\album\src\test\resources
2017-07-26 14:14:34,930 [Worker-657] INFO  o.e.m.c.i.embedder.EclipseLogger - Using 'UTF-8' encoding to copy filtered resources.
2017-07-26 14:14:34,951 [Worker-657] INFO  o.e.m.c.i.embedder.EclipseLogger - Copying 1 resource
2017-07-26 14:14:34,979 [Worker-657] INFO  o.e.m.c.i.embedder.EclipseLogger - Copying 0 resource
2017-07-26 14:14:34,981 [Worker-657] INFO  o.e.m.c.i.embedder.EclipseLogger - Using 'UTF-8' encoding to copy filtered resources.
2017-07-26 14:14:34,981 [Worker-657] INFO  o.e.m.c.i.embedder.EclipseLogger - skip non existing resourceDirectory E:\Test\album\src\test\resources
